<?xml version="1.0" encoding="UTF-8"?>
<coverage generated="1670668837508" clover="3.2.0">
  <project timestamp="1670668837508" name="All files">
    <metrics statements="60" coveredstatements="46" conditionals="15" coveredconditionals="11" methods="19" coveredmethods="16" elements="94" coveredelements="73" complexity="0" loc="60" ncloc="60" packages="4" files="4" classes="4"/>
    <package name="Sustainable_Tourism">
      <metrics statements="2" coveredstatements="2" conditionals="0" coveredconditionals="0" methods="1" coveredmethods="1"/>
      <file name="generalRegistration.js" path="C:\Users\User\Desktop\reprograma\Projeto_final\Sustainable_Tourism\generalRegistration.js">
        <metrics statements="2" coveredstatements="2" conditionals="0" coveredconditionals="0" methods="1" coveredmethods="1"/>
        <line num="10" count="4" type="stmt"/>
        <line num="19" count="2" type="stmt"/>
      </file>
    </package>
    <package name="Sustainable_Tourism.Accommodation">
      <metrics statements="20" coveredstatements="20" conditionals="7" coveredconditionals="7" methods="6" coveredmethods="6"/>
      <file name="accommodation.js" path="C:\Users\User\Desktop\reprograma\Projeto_final\Sustainable_Tourism\Accommodation\accommodation.js">
        <metrics statements="20" coveredstatements="20" conditionals="7" coveredconditionals="7" methods="6" coveredmethods="6"/>
        <line num="1" count="1" type="stmt"/>
        <line num="2" count="1" type="stmt"/>
        <line num="3" count="1" type="stmt"/>
        <line num="12" count="2" type="stmt"/>
        <line num="13" count="2" type="stmt"/>
        <line num="20" count="1" type="stmt"/>
        <line num="27" count="2" type="stmt"/>
        <line num="30" count="2" type="cond" truecount="2" falsecount="0"/>
        <line num="35" count="1" type="stmt"/>
        <line num="36" count="1" type="stmt"/>
        <line num="37" count="1" type="stmt"/>
        <line num="40" count="1" type="stmt"/>
        <line num="42" count="1" type="stmt"/>
        <line num="43" count="1" type="stmt"/>
        <line num="48" count="1" type="stmt"/>
        <line num="52" count="1" type="stmt"/>
        <line num="53" count="5" type="stmt"/>
        <line num="55" count="5" type="cond" truecount="2" falsecount="0"/>
        <line num="57" count="5" type="stmt"/>
        <line num="64" count="1" type="stmt"/>
      </file>
    </package>
    <package name="Sustainable_Tourism.Artisan">
      <metrics statements="20" coveredstatements="20" conditionals="4" coveredconditionals="4" methods="7" coveredmethods="7"/>
      <file name="artisans.js" path="C:\Users\User\Desktop\reprograma\Projeto_final\Sustainable_Tourism\Artisan\artisans.js">
        <metrics statements="20" coveredstatements="20" conditionals="4" coveredconditionals="4" methods="7" coveredmethods="7"/>
        <line num="1" count="1" type="stmt"/>
        <line num="2" count="1" type="stmt"/>
        <line num="3" count="1" type="stmt"/>
        <line num="13" count="2" type="stmt"/>
        <line num="14" count="2" type="stmt"/>
        <line num="21" count="1" type="stmt"/>
        <line num="25" count="2" type="stmt"/>
        <line num="26" count="2" type="cond" truecount="2" falsecount="0"/>
        <line num="27" count="1" type="stmt"/>
        <line num="28" count="1" type="stmt"/>
        <line num="29" count="1" type="stmt"/>
        <line num="32" count="1" type="stmt"/>
        <line num="35" count="1" type="stmt"/>
        <line num="38" count="1" type="stmt"/>
        <line num="44" count="1" type="stmt"/>
        <line num="48" count="1" type="stmt"/>
        <line num="49" count="4" type="stmt"/>
        <line num="51" count="4" type="cond" truecount="2" falsecount="0"/>
        <line num="53" count="4" type="stmt"/>
        <line num="58" count="1" type="stmt"/>
      </file>
    </package>
    <package name="Sustainable_Tourism.Tourist">
      <metrics statements="18" coveredstatements="4" conditionals="4" coveredconditionals="0" methods="5" coveredmethods="2"/>
      <file name="tourist.js" path="C:\Users\User\Desktop\reprograma\Projeto_final\Sustainable_Tourism\Tourist\tourist.js">
        <metrics statements="18" coveredstatements="4" conditionals="4" coveredconditionals="0" methods="5" coveredmethods="2"/>
        <line num="1" count="1" type="stmt"/>
        <line num="5" count="0" type="stmt"/>
        <line num="9" count="0" type="stmt"/>
        <line num="10" count="0" type="stmt"/>
        <line num="20" count="0" type="stmt"/>
        <line num="32" count="0" type="cond" truecount="0" falsecount="2"/>
        <line num="33" count="0" type="stmt"/>
        <line num="34" count="0" type="stmt"/>
        <line num="35" count="0" type="stmt"/>
        <line num="41" count="0" type="stmt"/>
        <line num="43" count="0" type="cond" truecount="0" falsecount="2"/>
        <line num="44" count="0" type="stmt"/>
        <line num="45" count="0" type="stmt"/>
        <line num="46" count="0" type="stmt"/>
        <line num="52" count="0" type="stmt"/>
        <line num="57" count="2" type="stmt"/>
        <line num="58" count="8" type="stmt"/>
        <line num="63" count="1" type="stmt"/>
      </file>
    </package>
  </project>
</coverage>
