{"C:\\Users\\User\\Desktop\\reprograma\\Projeto_final\\Sustainable_Tourism\\generalRegistration.js": {"path":"C:\\Users\\User\\Desktop\\reprograma\\Projeto_final\\Sustainable_Tourism\\generalRegistration.js","statementMap":{"0":{"start":{"line":10,"column":6},"end":{"line":14,"column":24}},"1":{"start":{"line":19,"column":2},"end":{"line":19,"column":40}}},"fnMap":{"0":{"name":"(anonymous_0)","decl":{"start":{"line":9,"column":4},"end":{"line":9,"column":5}},"loc":{"start":{"line":9,"column":50},"end":{"line":15,"column":5}},"line":9}},"branchMap":{},"s":{"0":4,"1":2},"f":{"0":4},"b":{},"_coverageSchema":"1a1c01bbd47fc00a2c39e90264f33305004495a9","hash":"c6c75c60ee9b8afc17aa0c33b7c367b718550ea2"}
,"C:\\Users\\User\\Desktop\\reprograma\\Projeto_final\\Sustainable_Tourism\\Accommodation\\accommodation.js": {"path":"C:\\Users\\User\\Desktop\\reprograma\\Projeto_final\\Sustainable_Tourism\\Accommodation\\accommodation.js","statementMap":{"0":{"start":{"line":1,"column":27},"end":{"line":1,"column":63}},"1":{"start":{"line":2,"column":28},"end":{"line":2,"column":64}},"2":{"start":{"line":3,"column":25},"end":{"line":3,"column":40}},"3":{"start":{"line":12,"column":4},"end":{"line":12,"column":46}},"4":{"start":{"line":13,"column":4},"end":{"line":15,"column":49}},"5":{"start":{"line":20,"column":29},"end":{"line":20,"column":47}},"6":{"start":{"line":27,"column":8},"end":{"line":27,"column":32}},"7":{"start":{"line":30,"column":4},"end":{"line":44,"column":5}},"8":{"start":{"line":35,"column":17},"end":{"line":35,"column":27}},"9":{"start":{"line":36,"column":6},"end":{"line":36,"column":78}},"10":{"start":{"line":37,"column":6},"end":{"line":39,"column":8}},"11":{"start":{"line":40,"column":6},"end":{"line":40,"column":39}},"12":{"start":{"line":42,"column":6},"end":{"line":42,"column":86}},"13":{"start":{"line":43,"column":6},"end":{"line":43,"column":41}},"14":{"start":{"line":48,"column":4},"end":{"line":48,"column":41}},"15":{"start":{"line":52,"column":3},"end":{"line":58,"column":11}},"16":{"start":{"line":53,"column":25},"end":{"line":53,"column":68}},"17":{"start":{"line":53,"column":44},"end":{"line":53,"column":67}},"18":{"start":{"line":55,"column":6},"end":{"line":55,"column":53}},"19":{"start":{"line":55,"column":23},"end":{"line":55,"column":53}},"20":{"start":{"line":57,"column":6},"end":{"line":57,"column":17}},"21":{"start":{"line":64,"column":0},"end":{"line":64,"column":54}}},"fnMap":{"0":{"name":"(anonymous_0)","decl":{"start":{"line":11,"column":2},"end":{"line":11,"column":3}},"loc":{"start":{"line":11,"column":108},"end":{"line":16,"column":3}},"line":11},"1":{"name":"(anonymous_1)","decl":{"start":{"line":22,"column":2},"end":{"line":22,"column":3}},"loc":{"start":{"line":22,"column":37},"end":{"line":45,"column":3}},"line":22},"2":{"name":"(anonymous_2)","decl":{"start":{"line":47,"column":2},"end":{"line":47,"column":3}},"loc":{"start":{"line":47,"column":15},"end":{"line":49,"column":3}},"line":47},"3":{"name":"(anonymous_3)","decl":{"start":{"line":51,"column":2},"end":{"line":51,"column":3}},"loc":{"start":{"line":51,"column":12},"end":{"line":61,"column":3}},"line":51},"4":{"name":"(anonymous_4)","decl":{"start":{"line":52,"column":47},"end":{"line":52,"column":48}},"loc":{"start":{"line":52,"column":62},"end":{"line":58,"column":5}},"line":52},"5":{"name":"(anonymous_5)","decl":{"start":{"line":53,"column":34},"end":{"line":53,"column":35}},"loc":{"start":{"line":53,"column":44},"end":{"line":53,"column":67}},"line":53}},"branchMap":{"0":{"loc":{"start":{"line":30,"column":4},"end":{"line":44,"column":5}},"type":"if","locations":[{"start":{"line":30,"column":4},"end":{"line":44,"column":5}},{"start":{"line":41,"column":11},"end":{"line":44,"column":5}}],"line":30},"1":{"loc":{"start":{"line":31,"column":6},"end":{"line":33,"column":24}},"type":"binary-expr","locations":[{"start":{"line":31,"column":6},"end":{"line":31,"column":20}},{"start":{"line":32,"column":6},"end":{"line":32,"column":31}},{"start":{"line":33,"column":6},"end":{"line":33,"column":24}}],"line":31},"2":{"loc":{"start":{"line":55,"column":6},"end":{"line":55,"column":53}},"type":"if","locations":[{"start":{"line":55,"column":6},"end":{"line":55,"column":53}},{"start":{},"end":{}}],"line":55}},"s":{"0":1,"1":1,"2":1,"3":2,"4":2,"5":1,"6":2,"7":2,"8":1,"9":1,"10":1,"11":1,"12":1,"13":1,"14":1,"15":1,"16":5,"17":5,"18":5,"19":2,"20":5,"21":1},"f":{"0":2,"1":2,"2":1,"3":1,"4":5,"5":5},"b":{"0":[1,1],"1":[2,2,2],"2":[2,3]},"_coverageSchema":"1a1c01bbd47fc00a2c39e90264f33305004495a9","hash":"f8fe1a7bdb8539d9670e19cf015e86c13732d90f"}
,"C:\\Users\\User\\Desktop\\reprograma\\Projeto_final\\Sustainable_Tourism\\Artisan\\artisans.js": {"path":"C:\\Users\\User\\Desktop\\reprograma\\Projeto_final\\Sustainable_Tourism\\Artisan\\artisans.js","statementMap":{"0":{"start":{"line":1,"column":21},"end":{"line":1,"column":51}},"1":{"start":{"line":2,"column":28},"end":{"line":2,"column":64}},"2":{"start":{"line":3,"column":25},"end":{"line":3,"column":40}},"3":{"start":{"line":13,"column":4},"end":{"line":13,"column":44}},"4":{"start":{"line":14,"column":6},"end":{"line":16,"column":39}},"5":{"start":{"line":21,"column":23},"end":{"line":21,"column":35}},"6":{"start":{"line":25,"column":29},"end":{"line":25,"column":36}},"7":{"start":{"line":26,"column":4},"end":{"line":40,"column":5}},"8":{"start":{"line":27,"column":17},"end":{"line":27,"column":27}},"9":{"start":{"line":28,"column":6},"end":{"line":28,"column":55}},"10":{"start":{"line":29,"column":6},"end":{"line":31,"column":8}},"11":{"start":{"line":32,"column":6},"end":{"line":32,"column":45}},"12":{"start":{"line":35,"column":6},"end":{"line":37,"column":8}},"13":{"start":{"line":38,"column":6},"end":{"line":38,"column":41}},"14":{"start":{"line":44,"column":4},"end":{"line":44,"column":35}},"15":{"start":{"line":48,"column":4},"end":{"line":54,"column":12}},"16":{"start":{"line":49,"column":29},"end":{"line":49,"column":72}},"17":{"start":{"line":49,"column":48},"end":{"line":49,"column":71}},"18":{"start":{"line":51,"column":7},"end":{"line":51,"column":57}},"19":{"start":{"line":51,"column":27},"end":{"line":51,"column":57}},"20":{"start":{"line":53,"column":7},"end":{"line":53,"column":18}},"21":{"start":{"line":58,"column":0},"end":{"line":58,"column":44}}},"fnMap":{"0":{"name":"(anonymous_0)","decl":{"start":{"line":11,"column":2},"end":{"line":11,"column":3}},"loc":{"start":{"line":12,"column":4},"end":{"line":17,"column":3}},"line":12},"1":{"name":"(anonymous_1)","decl":{"start":{"line":22,"column":2},"end":{"line":22,"column":3}},"loc":{"start":{"line":22,"column":16},"end":{"line":22,"column":18}},"line":22},"2":{"name":"(anonymous_2)","decl":{"start":{"line":24,"column":2},"end":{"line":24,"column":3}},"loc":{"start":{"line":24,"column":20},"end":{"line":41,"column":3}},"line":24},"3":{"name":"(anonymous_3)","decl":{"start":{"line":43,"column":2},"end":{"line":43,"column":3}},"loc":{"start":{"line":43,"column":20},"end":{"line":45,"column":3}},"line":43},"4":{"name":"(anonymous_4)","decl":{"start":{"line":47,"column":2},"end":{"line":47,"column":3}},"loc":{"start":{"line":47,"column":12},"end":{"line":54,"column":13}},"line":47},"5":{"name":"(anonymous_5)","decl":{"start":{"line":48,"column":42},"end":{"line":48,"column":43}},"loc":{"start":{"line":48,"column":57},"end":{"line":54,"column":6}},"line":48},"6":{"name":"(anonymous_6)","decl":{"start":{"line":49,"column":38},"end":{"line":49,"column":39}},"loc":{"start":{"line":49,"column":48},"end":{"line":49,"column":71}},"line":49}},"branchMap":{"0":{"loc":{"start":{"line":26,"column":4},"end":{"line":40,"column":5}},"type":"if","locations":[{"start":{"line":26,"column":4},"end":{"line":40,"column":5}},{"start":{"line":34,"column":11},"end":{"line":40,"column":5}}],"line":26},"1":{"loc":{"start":{"line":51,"column":7},"end":{"line":51,"column":57}},"type":"if","locations":[{"start":{"line":51,"column":7},"end":{"line":51,"column":57}},{"start":{},"end":{}}],"line":51}},"s":{"0":1,"1":1,"2":1,"3":2,"4":2,"5":1,"6":2,"7":2,"8":1,"9":1,"10":1,"11":1,"12":1,"13":1,"14":1,"15":1,"16":4,"17":4,"18":4,"19":2,"20":4,"21":1},"f":{"0":2,"1":1,"2":2,"3":1,"4":1,"5":4,"6":4},"b":{"0":[1,1],"1":[2,2]},"_coverageSchema":"1a1c01bbd47fc00a2c39e90264f33305004495a9","hash":"091a760b289af778d553e63faaa617ebe14841b7"}
,"C:\\Users\\User\\Desktop\\reprograma\\Projeto_final\\Sustainable_Tourism\\Tourist\\tourist.js": {"path":"C:\\Users\\User\\Desktop\\reprograma\\Projeto_final\\Sustainable_Tourism\\Tourist\\tourist.js","statementMap":{"0":{"start":{"line":1,"column":17},"end":{"line":1,"column":41}},"1":{"start":{"line":5,"column":4},"end":{"line":5,"column":45}},"2":{"start":{"line":9,"column":4},"end":{"line":9,"column":26}},"3":{"start":{"line":10,"column":4},"end":{"line":16,"column":5}},"4":{"start":{"line":20,"column":19},"end":{"line":30,"column":4}},"5":{"start":{"line":32,"column":4},"end":{"line":42,"column":5}},"6":{"start":{"line":33,"column":21},"end":{"line":33,"column":63}},"7":{"start":{"line":34,"column":6},"end":{"line":34,"column":49}},"8":{"start":{"line":35,"column":22},"end":{"line":40,"column":4}},"9":{"start":{"line":41,"column":6},"end":{"line":41,"column":71}},"10":{"start":{"line":43,"column":4},"end":{"line":53,"column":5}},"11":{"start":{"line":44,"column":21},"end":{"line":44,"column":57}},"12":{"start":{"line":45,"column":6},"end":{"line":45,"column":41}},"13":{"start":{"line":46,"column":22},"end":{"line":51,"column":4}},"14":{"start":{"line":52,"column":6},"end":{"line":52,"column":60}},"15":{"start":{"line":57,"column":4},"end":{"line":59,"column":7}},"16":{"start":{"line":58,"column":6},"end":{"line":58,"column":31}},"17":{"start":{"line":63,"column":0},"end":{"line":63,"column":32}}},"fnMap":{"0":{"name":"(anonymous_0)","decl":{"start":{"line":4,"column":2},"end":{"line":4,"column":3}},"loc":{"start":{"line":4,"column":16},"end":{"line":6,"column":3}},"line":4},"1":{"name":"(anonymous_1)","decl":{"start":{"line":8,"column":2},"end":{"line":8,"column":3}},"loc":{"start":{"line":8,"column":28},"end":{"line":17,"column":3}},"line":8},"2":{"name":"(anonymous_2)","decl":{"start":{"line":19,"column":2},"end":{"line":19,"column":3}},"loc":{"start":{"line":19,"column":43},"end":{"line":54,"column":3}},"line":19},"3":{"name":"(anonymous_3)","decl":{"start":{"line":56,"column":2},"end":{"line":56,"column":3}},"loc":{"start":{"line":56,"column":25},"end":{"line":60,"column":3}},"line":56},"4":{"name":"(anonymous_4)","decl":{"start":{"line":57,"column":23},"end":{"line":57,"column":24}},"loc":{"start":{"line":57,"column":32},"end":{"line":59,"column":5}},"line":57}},"branchMap":{"0":{"loc":{"start":{"line":32,"column":4},"end":{"line":42,"column":5}},"type":"if","locations":[{"start":{"line":32,"column":4},"end":{"line":42,"column":5}},{"start":{},"end":{}}],"line":32},"1":{"loc":{"start":{"line":43,"column":4},"end":{"line":53,"column":5}},"type":"if","locations":[{"start":{"line":43,"column":4},"end":{"line":53,"column":5}},{"start":{},"end":{}}],"line":43}},"s":{"0":1,"1":0,"2":0,"3":0,"4":0,"5":0,"6":0,"7":0,"8":0,"9":0,"10":0,"11":0,"12":0,"13":0,"14":0,"15":2,"16":8,"17":1},"f":{"0":0,"1":0,"2":0,"3":2,"4":8},"b":{"0":[0,0],"1":[0,0]},"_coverageSchema":"1a1c01bbd47fc00a2c39e90264f33305004495a9","hash":"48c1d4141bb9d47e8439034fbca35785a49e92cf"}
}
