TN:
SF:Sustainable_Tourism\generalRegistration.js
FN:9,(anonymous_0)
FNF:1
FNH:1
FNDA:4,(anonymous_0)
DA:10,4
DA:19,2
LF:2
LH:2
BRF:0
BRH:0
end_of_record
TN:
SF:Sustainable_Tourism\Accommodation\accommodation.js
FN:11,(anonymous_0)
FN:22,(anonymous_1)
FN:47,(anonymous_2)
FN:51,(anonymous_3)
FN:52,(anonymous_4)
FN:53,(anonymous_5)
FNF:6
FNH:6
FNDA:2,(anonymous_0)
FNDA:2,(anonymous_1)
FNDA:1,(anonymous_2)
FNDA:1,(anonymous_3)
FNDA:5,(anonymous_4)
FNDA:5,(anonymous_5)
DA:1,1
DA:2,1
DA:3,1
DA:12,2
DA:13,2
DA:20,1
DA:27,2
DA:30,2
DA:35,1
DA:36,1
DA:37,1
DA:40,1
DA:42,1
DA:43,1
DA:48,1
DA:52,1
DA:53,5
DA:55,5
DA:57,5
DA:64,1
LF:20
LH:20
BRDA:30,0,0,1
BRDA:30,0,1,1
BRDA:31,1,0,2
BRDA:31,1,1,2
BRDA:31,1,2,2
BRDA:55,2,0,2
BRDA:55,2,1,3
BRF:7
BRH:7
end_of_record
TN:
SF:Sustainable_Tourism\Artisan\artisans.js
FN:11,(anonymous_0)
FN:22,(anonymous_1)
FN:24,(anonymous_2)
FN:43,(anonymous_3)
FN:47,(anonymous_4)
FN:48,(anonymous_5)
FN:49,(anonymous_6)
FNF:7
FNH:7
FNDA:2,(anonymous_0)
FNDA:1,(anonymous_1)
FNDA:2,(anonymous_2)
FNDA:1,(anonymous_3)
FNDA:1,(anonymous_4)
FNDA:4,(anonymous_5)
FNDA:4,(anonymous_6)
DA:1,1
DA:2,1
DA:3,1
DA:13,2
DA:14,2
DA:21,1
DA:25,2
DA:26,2
DA:27,1
DA:28,1
DA:29,1
DA:32,1
DA:35,1
DA:38,1
DA:44,1
DA:48,1
DA:49,4
DA:51,4
DA:53,4
DA:58,1
LF:20
LH:20
BRDA:26,0,0,1
BRDA:26,0,1,1
BRDA:51,1,0,2
BRDA:51,1,1,2
BRF:4
BRH:4
end_of_record
TN:
SF:Sustainable_Tourism\Tourist\tourist.js
FN:4,(anonymous_0)
FN:8,(anonymous_1)
FN:19,(anonymous_2)
FN:56,(anonymous_3)
FN:57,(anonymous_4)
FNF:5
FNH:2
FNDA:0,(anonymous_0)
FNDA:0,(anonymous_1)
FNDA:0,(anonymous_2)
FNDA:2,(anonymous_3)
FNDA:8,(anonymous_4)
DA:1,1
DA:5,0
DA:9,0
DA:10,0
DA:20,0
DA:32,0
DA:33,0
DA:34,0
DA:35,0
DA:41,0
DA:43,0
DA:44,0
DA:45,0
DA:46,0
DA:52,0
DA:57,2
DA:58,8
DA:63,1
LF:18
LH:4
BRDA:32,0,0,0
BRDA:32,0,1,0
BRDA:43,1,0,0
BRDA:43,1,1,0
BRF:4
BRH:0
end_of_record
